01:06:32 INFO  : Registering command handlers for SDK TCF services
01:06:36 INFO  : Launching XSCT server: xsct -n -interactive /home/petr/Projects/fpga/redpitaya/wrk/Smart_JTAG_cable/sdk/temp_xsdb_launch_script.tcl
01:06:41 INFO  : XSCT server has started successfully.
01:06:48 INFO  : Successfully done setting XSCT server connection channel  
01:06:48 INFO  : Successfully done setting SDK workspace  
01:06:48 INFO  : Processing command line option -hwspec /home/petr/Projects/fpga/redpitaya/wrk/Smart_JTAG_cable/sdk/top_module.hdf.
01:07:39 ERROR : (XSDB Server)/opt/Xilinx/SDK/2018.3/bin/loader: line 213:  1663 Segmentation fault      (core dumped) "$RDI_PROG" "$@"

01:07:39 ERROR : Failed to openhw "/home/petr/Projects/fpga/redpitaya/wrk/Smart_JTAG_cable/sdk/top_module_hw_platform_0/system.hdf"
java.io.IOException: Command [C 3 xsdb eval "::hsi::utils::openhw /home/petr/Projects/fpga/redpitaya/...] aborted
	at org.eclipse.tcf.core.AbstractChannel$9.run(AbstractChannel.java:838)
	at org.eclipse.tcf.EventQueue.run(EventQueue.java:95)
	at java.lang.Thread.run(Thread.java:745)
Caused by: java.io.IOException: Communication channel is closed by remote peer
	at org.eclipse.tcf.core.AbstractChannel$1$2.run(AbstractChannel.java:381)
	... 2 more
01:07:39 ERROR : Unable to create Hardware Specification Project with specification file: /home/petr/Projects/fpga/redpitaya/wrk/Smart_JTAG_cable/sdk/top_module.hdf
01:08:07 INFO  : Launching XSCT server: xsct -n -interactive /home/petr/Projects/fpga/redpitaya/wrk/Smart_JTAG_cable/sdk/temp_xsdb_launch_script.tcl
01:08:10 INFO  : XSCT server has started successfully.
01:09:44 INFO  : Project 'top_module_hw_platform_1' created. You can now create BSPs and application projects targeting this hardware platform.
01:10:49 INFO  : Project 'rp_plarform_jtag_cable' created. You can now create BSPs and application projects targeting this hardware platform.
